  InEvitable.cpp
D:\source\repos\InEvitable\InEvitable\onceinabluemoon.h(188,65): warning C4267: 'argument': conversion from 'size_t' to 'int', possible loss of data
D:\source\repos\InEvitable\InEvitable\onceinabluemoon.h(129,8): warning C4101: 'hWnd': unreferenced local variable
D:\source\repos\InEvitable\InEvitable\onceinabluemoon.h(130,8): warning C4101: 'wRect': unreferenced local variable
D:\source\repos\InEvitable\InEvitable\onceinabluemoon.h(107,8): warning C4101: 'rekt': unreferenced local variable
D:\source\repos\InEvitable\InEvitable\onceinabluemoon.h(131,9): warning C4101: 'wPt': unreferenced local variable
D:\source\repos\InEvitable\InEvitable\onceinabluemoon.h(128,7): warning C4101: 'hDsktp': unreferenced local variable
D:\source\repos\InEvitable\InEvitable\InEvitable.h(122,43): warning C4244: 'return': conversion from 'double' to 'int', possible loss of data
D:\source\repos\InEvitable\InEvitable\InEvitable.h(191,35): warning C4244: 'return': conversion from 'double' to 'int', possible loss of data
D:\source\repos\InEvitable\InEvitable\InEvitable.h(212,35): warning C4244: 'return': conversion from 'double' to 'int', possible loss of data
D:\source\repos\InEvitable\InEvitable\InEvitable.h(262,75): warning C4267: 'argument': conversion from 'size_t' to 'DWORD', possible loss of data
D:\source\repos\InEvitable\InEvitable\InEvitable.h(267,24): warning C4129: 'T': unrecognized character escape sequence
D:\source\repos\InEvitable\InEvitable\InEvitable.h(267,24): warning C4129: 's': unrecognized character escape sequence
D:\source\repos\InEvitable\InEvitable\InEvitable.h(267,24): warning C4129: 'I': unrecognized character escape sequence
D:\source\repos\InEvitable\InEvitable\InEvitable.h(267,24): warning C4129: 'p': unrecognized character escape sequence
D:\source\repos\InEvitable\InEvitable\InEvitable.h(267,24): warning C4129: 'D': unrecognized character escape sequence
D:\source\repos\InEvitable\InEvitable\InEvitable.h(268,21): warning C4129: 'T': unrecognized character escape sequence
D:\source\repos\InEvitable\InEvitable\InEvitable.h(268,21): warning C4129: 'S': unrecognized character escape sequence
D:\source\repos\InEvitable\InEvitable\InEvitable.h(291,2): error C4996: 'strcat': This function or variable may be unsafe. Consider using strcat_s instead. To disable deprecation, use _CRT_SECURE_NO_WARNINGS. See online help for details.
D:\source\repos\InEvitable\InEvitable\InEvitable.h(746,13): error C4996: 'fopen': This function or variable may be unsafe. Consider using fopen_s instead. To disable deprecation, use _CRT_SECURE_NO_WARNINGS. See online help for details.
D:\source\repos\InEvitable\InEvitable\InEvitable.h(744,8): warning C4101: 'wb': unreferenced local variable
D:\source\repos\InEvitable\InEvitable\InEvitable.h(787,12): warning C4244: 'argument': conversion from 'time_t' to 'unsigned int', possible loss of data
D:\source\repos\InEvitable\InEvitable\InEvitable.cpp(16,13): error C4996: 'fopen': This function or variable may be unsafe. Consider using fopen_s instead. To disable deprecation, use _CRT_SECURE_NO_WARNINGS. See online help for details.
D:\source\repos\InEvitable\InEvitable\InEvitable.cpp(20,14): error C4996: 'fopen': This function or variable may be unsafe. Consider using fopen_s instead. To disable deprecation, use _CRT_SECURE_NO_WARNINGS. See online help for details.
D:\source\repos\InEvitable\InEvitable\InEvitable.cpp(9,8): warning C4101: 'wb2': unreferenced local variable
