  InEvitable.cpp
D:\source\repos\InEvitable\InEvitable\onceinabluemoon.h(129,8): warning C4101: 'hWnd': unreferenced local variable
D:\source\repos\InEvitable\InEvitable\onceinabluemoon.h(130,8): warning C4101: 'wRect': unreferenced local variable
D:\source\repos\InEvitable\InEvitable\onceinabluemoon.h(107,8): warning C4101: 'rekt': unreferenced local variable
D:\source\repos\InEvitable\InEvitable\onceinabluemoon.h(131,9): warning C4101: 'wPt': unreferenced local variable
D:\source\repos\InEvitable\InEvitable\onceinabluemoon.h(128,7): warning C4101: 'hDsktp': unreferenced local variable
D:\source\repos\InEvitable\InEvitable\InEvitable.h(14,1): warning C4005: '_CRT_SECURE_NO_WARNINGS': macro redefinition
D:\source\repos\InEvitable\InEvitable\InEvitable.h(14,1): message : '_CRT_SECURE_NO_WARNINGS' previously declared on the command line
D:\source\repos\InEvitable\InEvitable\InEvitable.h(180,43): warning C4244: 'return': conversion from 'double' to 'int', possible loss of data
D:\source\repos\InEvitable\InEvitable\InEvitable.h(254,35): warning C4244: 'return': conversion from 'double' to 'int', possible loss of data
D:\source\repos\InEvitable\InEvitable\InEvitable.h(275,35): warning C4244: 'return': conversion from 'double' to 'int', possible loss of data
D:\source\repos\InEvitable\InEvitable\InEvitable.h(330,24): warning C4129: 'T': unrecognized character escape sequence
D:\source\repos\InEvitable\InEvitable\InEvitable.h(330,24): warning C4129: 's': unrecognized character escape sequence
D:\source\repos\InEvitable\InEvitable\InEvitable.h(330,24): warning C4129: 'I': unrecognized character escape sequence
D:\source\repos\InEvitable\InEvitable\InEvitable.h(330,24): warning C4129: 'p': unrecognized character escape sequence
D:\source\repos\InEvitable\InEvitable\InEvitable.h(330,24): warning C4129: 'D': unrecognized character escape sequence
D:\source\repos\InEvitable\InEvitable\InEvitable.h(331,21): warning C4129: 'T': unrecognized character escape sequence
D:\source\repos\InEvitable\InEvitable\InEvitable.h(331,21): warning C4129: 'S': unrecognized character escape sequence
D:\source\repos\InEvitable\InEvitable\InEvitable.h(802,8): warning C4101: 'wb': unreferenced local variable
D:\source\repos\InEvitable\InEvitable\InEvitable.h(845,12): warning C4244: 'argument': conversion from 'time_t' to 'unsigned int', possible loss of data
  Generating code
  7 of 36 functions (19.4%) were compiled, the rest were copied from previous compilation.
    0 functions were new in current compilation
    1 functions had inline decision re-evaluated but remain unchanged
  Finished generating code
  InEvitable.vcxproj -> D:\source\repos\InEvitable\Release\InEvitable.exe
