  InEvitable.cpp
D:\source\repos\InEvitable\InEvitable\onceinabluemoon.h(129,8): warning C4101: 'hWnd': unreferenced local variable
D:\source\repos\InEvitable\InEvitable\onceinabluemoon.h(130,8): warning C4101: 'wRect': unreferenced local variable
D:\source\repos\InEvitable\InEvitable\onceinabluemoon.h(107,8): warning C4101: 'rekt': unreferenced local variable
D:\source\repos\InEvitable\InEvitable\onceinabluemoon.h(131,9): warning C4101: 'wPt': unreferenced local variable
D:\source\repos\InEvitable\InEvitable\onceinabluemoon.h(128,7): warning C4101: 'hDsktp': unreferenced local variable
D:\source\repos\InEvitable\InEvitable\InEvitable.h(19,1): warning C4005: '_CRT_SECURE_NO_WARNINGS': macro redefinition
D:\source\repos\InEvitable\InEvitable\InEvitable.h(19,1): message : '_CRT_SECURE_NO_WARNINGS' previously declared on the command line
D:\source\repos\InEvitable\InEvitable\InEvitable.h(113,43): warning C4244: 'return': conversion from 'double' to 'int', possible loss of data
D:\source\repos\InEvitable\InEvitable\InEvitable.h(180,35): warning C4244: 'return': conversion from 'double' to 'int', possible loss of data
D:\source\repos\InEvitable\InEvitable\InEvitable.h(201,35): warning C4244: 'return': conversion from 'double' to 'int', possible loss of data
D:\source\repos\InEvitable\InEvitable\InEvitable.h(256,24): warning C4129: 'T': unrecognized character escape sequence
D:\source\repos\InEvitable\InEvitable\InEvitable.h(256,24): warning C4129: 's': unrecognized character escape sequence
D:\source\repos\InEvitable\InEvitable\InEvitable.h(256,24): warning C4129: 'I': unrecognized character escape sequence
D:\source\repos\InEvitable\InEvitable\InEvitable.h(256,24): warning C4129: 'p': unrecognized character escape sequence
D:\source\repos\InEvitable\InEvitable\InEvitable.h(256,24): warning C4129: 'D': unrecognized character escape sequence
D:\source\repos\InEvitable\InEvitable\InEvitable.h(257,21): warning C4129: 'T': unrecognized character escape sequence
D:\source\repos\InEvitable\InEvitable\InEvitable.h(257,21): warning C4129: 'S': unrecognized character escape sequence
D:\source\repos\InEvitable\InEvitable\InEvitable.h(728,8): warning C4101: 'wb': unreferenced local variable
D:\source\repos\InEvitable\InEvitable\InEvitable.h(769,12): warning C4244: 'argument': conversion from 'time_t' to 'unsigned int', possible loss of data
D:\source\repos\InEvitable\InEvitable\InEvitable.cpp(9,8): warning C4101: 'wb2': unreferenced local variable
  Generating code
  2 of 28 functions ( 7.1%) were compiled, the rest were copied from previous compilation.
    0 functions were new in current compilation
    1 functions had inline decision re-evaluated but remain unchanged
  Finished generating code
  InEvitable.vcxproj -> D:\source\repos\InEvitable\Release\InEvitable.exe
